DataContainerArrayAdapter Object
(
    [adaptedArray:protected] => Array
        (
            [request] => DataContainerArrayAdapter Object
                (
                    [adaptedArray:protected] => Array
                        (
                            [ctrl] => test
                            [act] => show
                        )

                )

            [session] => DataContainerArrayAdapter Object
                (
                    [adaptedArray:protected] => 
                )

            [vars] => DataContainerArrayAdapter Object
                (
                    [adaptedArray:protected] => Array
                        (
                            [title] => Sample Application
                            [message] => Array
                                (
                                    [0] => hello from the controller !
                                    [1] => hello from the 2nd controller !
                                )

                        )

                )

            [config] => DataContainerArrayAdapter Object
                (
                    [adaptedArray:protected] => Array
                        (
                            [controllerDispatcherPath] => ctrl
                            [viewDispatcherPath] => view
                            [application_name] => Sample Application
                        )

                )

        )

)
